{"C:\\Users\\Lenovo\\Desktop\\datafin\\DEV004-data-lovers\\src\\data.js": {"path":"C:\\Users\\Lenovo\\Desktop\\datafin\\DEV004-data-lovers\\src\\data.js","statementMap":{"0":{"start":{"line":1,"column":22},"end":{"line":7,"column":1}},"1":{"start":{"line":2,"column":25},"end":{"line":2,"column":49}},"2":{"start":{"line":3,"column":29},"end":{"line":5,"column":3}},"3":{"start":{"line":4,"column":17},"end":{"line":4,"column":60}},"4":{"start":{"line":6,"column":2},"end":{"line":6,"column":28}},"5":{"start":{"line":10,"column":24},"end":{"line":33,"column":1}},"6":{"start":{"line":12,"column":34},"end":{"line":14,"column":3}},"7":{"start":{"line":13,"column":17},"end":{"line":13,"column":38}},"8":{"start":{"line":16,"column":2},"end":{"line":28,"column":3}},"9":{"start":{"line":17,"column":4},"end":{"line":17,"column":35}},"10":{"start":{"line":18,"column":9},"end":{"line":28,"column":3}},"11":{"start":{"line":19,"column":4},"end":{"line":21,"column":18}},"12":{"start":{"line":22,"column":9},"end":{"line":28,"column":3}},"13":{"start":{"line":23,"column":4},"end":{"line":23,"column":75}},"14":{"start":{"line":24,"column":9},"end":{"line":28,"column":3}},"15":{"start":{"line":25,"column":4},"end":{"line":25,"column":75}},"16":{"start":{"line":26,"column":9},"end":{"line":28,"column":3}},"17":{"start":{"line":27,"column":4},"end":{"line":27,"column":75}},"18":{"start":{"line":32,"column":2},"end":{"line":32,"column":20}},"19":{"start":{"line":35,"column":23},"end":{"line":49,"column":1}},"20":{"start":{"line":36,"column":2},"end":{"line":46,"column":3}},"21":{"start":{"line":38,"column":4},"end":{"line":38,"column":54}},"22":{"start":{"line":38,"column":24},"end":{"line":38,"column":52}},"23":{"start":{"line":39,"column":9},"end":{"line":46,"column":3}},"24":{"start":{"line":40,"column":4},"end":{"line":40,"column":54}},"25":{"start":{"line":40,"column":24},"end":{"line":40,"column":52}},"26":{"start":{"line":41,"column":9},"end":{"line":46,"column":3}},"27":{"start":{"line":43,"column":4},"end":{"line":43,"column":39}},"28":{"start":{"line":43,"column":24},"end":{"line":43,"column":37}},"29":{"start":{"line":44,"column":9},"end":{"line":46,"column":3}},"30":{"start":{"line":45,"column":4},"end":{"line":45,"column":39}},"31":{"start":{"line":45,"column":24},"end":{"line":45,"column":37}},"32":{"start":{"line":48,"column":2},"end":{"line":48,"column":14}}},"fnMap":{"0":{"name":"(anonymous_0)","decl":{"start":{"line":1,"column":22},"end":{"line":1,"column":23}},"loc":{"start":{"line":1,"column":43},"end":{"line":7,"column":1}},"line":1},"1":{"name":"(anonymous_1)","decl":{"start":{"line":4,"column":4},"end":{"line":4,"column":5}},"loc":{"start":{"line":4,"column":17},"end":{"line":4,"column":60}},"line":4},"2":{"name":"(anonymous_2)","decl":{"start":{"line":10,"column":24},"end":{"line":10,"column":25}},"loc":{"start":{"line":10,"column":41},"end":{"line":33,"column":1}},"line":10},"3":{"name":"(anonymous_3)","decl":{"start":{"line":13,"column":4},"end":{"line":13,"column":5}},"loc":{"start":{"line":13,"column":17},"end":{"line":13,"column":38}},"line":13},"4":{"name":"(anonymous_4)","decl":{"start":{"line":35,"column":23},"end":{"line":35,"column":24}},"loc":{"start":{"line":35,"column":40},"end":{"line":49,"column":1}},"line":35},"5":{"name":"(anonymous_5)","decl":{"start":{"line":38,"column":14},"end":{"line":38,"column":15}},"loc":{"start":{"line":38,"column":24},"end":{"line":38,"column":52}},"line":38},"6":{"name":"(anonymous_6)","decl":{"start":{"line":40,"column":14},"end":{"line":40,"column":15}},"loc":{"start":{"line":40,"column":24},"end":{"line":40,"column":52}},"line":40},"7":{"name":"(anonymous_7)","decl":{"start":{"line":43,"column":14},"end":{"line":43,"column":15}},"loc":{"start":{"line":43,"column":24},"end":{"line":43,"column":37}},"line":43},"8":{"name":"(anonymous_8)","decl":{"start":{"line":45,"column":14},"end":{"line":45,"column":15}},"loc":{"start":{"line":45,"column":24},"end":{"line":45,"column":37}},"line":45}},"branchMap":{"0":{"loc":{"start":{"line":4,"column":17},"end":{"line":4,"column":60}},"type":"binary-expr","locations":[{"start":{"line":4,"column":17},"end":{"line":4,"column":29}},{"start":{"line":4,"column":33},"end":{"line":4,"column":60}}],"line":4},"1":{"loc":{"start":{"line":16,"column":2},"end":{"line":28,"column":3}},"type":"if","locations":[{"start":{"line":16,"column":2},"end":{"line":28,"column":3}},{"start":{"line":18,"column":9},"end":{"line":28,"column":3}}],"line":16},"2":{"loc":{"start":{"line":18,"column":9},"end":{"line":28,"column":3}},"type":"if","locations":[{"start":{"line":18,"column":9},"end":{"line":28,"column":3}},{"start":{"line":22,"column":9},"end":{"line":28,"column":3}}],"line":18},"3":{"loc":{"start":{"line":22,"column":9},"end":{"line":28,"column":3}},"type":"if","locations":[{"start":{"line":22,"column":9},"end":{"line":28,"column":3}},{"start":{"line":24,"column":9},"end":{"line":28,"column":3}}],"line":22},"4":{"loc":{"start":{"line":24,"column":9},"end":{"line":28,"column":3}},"type":"if","locations":[{"start":{"line":24,"column":9},"end":{"line":28,"column":3}},{"start":{"line":26,"column":9},"end":{"line":28,"column":3}}],"line":24},"5":{"loc":{"start":{"line":26,"column":9},"end":{"line":28,"column":3}},"type":"if","locations":[{"start":{"line":26,"column":9},"end":{"line":28,"column":3}},{"start":{},"end":{}}],"line":26},"6":{"loc":{"start":{"line":36,"column":2},"end":{"line":46,"column":3}},"type":"if","locations":[{"start":{"line":36,"column":2},"end":{"line":46,"column":3}},{"start":{"line":39,"column":9},"end":{"line":46,"column":3}}],"line":36},"7":{"loc":{"start":{"line":39,"column":9},"end":{"line":46,"column":3}},"type":"if","locations":[{"start":{"line":39,"column":9},"end":{"line":46,"column":3}},{"start":{"line":41,"column":9},"end":{"line":46,"column":3}}],"line":39},"8":{"loc":{"start":{"line":41,"column":9},"end":{"line":46,"column":3}},"type":"if","locations":[{"start":{"line":41,"column":9},"end":{"line":46,"column":3}},{"start":{"line":44,"column":9},"end":{"line":46,"column":3}}],"line":41},"9":{"loc":{"start":{"line":44,"column":9},"end":{"line":46,"column":3}},"type":"if","locations":[{"start":{"line":44,"column":9},"end":{"line":46,"column":3}},{"start":{},"end":{}}],"line":44}},"s":{"0":1,"1":2,"2":2,"3":502,"4":2,"5":1,"6":4,"7":1004,"8":4,"9":0,"10":4,"11":1,"12":3,"13":1,"14":2,"15":1,"16":1,"17":1,"18":4,"19":1,"20":6,"21":3,"22":6,"23":3,"24":1,"25":2,"26":2,"27":1,"28":2,"29":1,"30":1,"31":2,"32":6},"f":{"0":2,"1":502,"2":4,"3":1004,"4":6,"5":6,"6":2,"7":2,"8":2},"b":{"0":[502,502],"1":[0,4],"2":[1,3],"3":[1,2],"4":[1,1],"5":[1,0],"6":[3,3],"7":[1,2],"8":[1,1],"9":[1,0]},"_coverageSchema":"1a1c01bbd47fc00a2c39e90264f33305004495a9","hash":"9ba4ee405bb851e45c6acf9c54ad634bb65b8cc3"}
}
