TN:
SF:src\data.js
FN:1,(anonymous_0)
FN:4,(anonymous_1)
FN:10,(anonymous_2)
FN:13,(anonymous_3)
FN:35,(anonymous_4)
FN:38,(anonymous_5)
FN:40,(anonymous_6)
FN:43,(anonymous_7)
FN:45,(anonymous_8)
FNF:9
FNH:9
FNDA:2,(anonymous_0)
FNDA:502,(anonymous_1)
FNDA:4,(anonymous_2)
FNDA:1004,(anonymous_3)
FNDA:6,(anonymous_4)
FNDA:6,(anonymous_5)
FNDA:2,(anonymous_6)
FNDA:2,(anonymous_7)
FNDA:2,(anonymous_8)
DA:1,1
DA:2,2
DA:3,2
DA:4,502
DA:6,2
DA:10,1
DA:12,4
DA:13,1004
DA:16,4
DA:17,0
DA:18,4
DA:19,1
DA:22,3
DA:23,1
DA:24,2
DA:25,1
DA:26,1
DA:27,1
DA:32,4
DA:35,1
DA:36,6
DA:38,6
DA:39,3
DA:40,2
DA:41,2
DA:43,2
DA:44,1
DA:45,2
DA:48,6
LF:29
LH:28
BRDA:4,0,0,502
BRDA:4,0,1,502
BRDA:16,1,0,0
BRDA:16,1,1,4
BRDA:18,2,0,1
BRDA:18,2,1,3
BRDA:22,3,0,1
BRDA:22,3,1,2
BRDA:24,4,0,1
BRDA:24,4,1,1
BRDA:26,5,0,1
BRDA:26,5,1,0
BRDA:36,6,0,3
BRDA:36,6,1,3
BRDA:39,7,0,1
BRDA:39,7,1,2
BRDA:41,8,0,1
BRDA:41,8,1,1
BRDA:44,9,0,1
BRDA:44,9,1,0
BRF:20
BRH:17
end_of_record
